<?xml version="1.0" encoding="UTF-8"?>
<!DOCTYPE properties SYSTEM "http://java.sun.com/dtd/properties.dtd">
<properties version="1.0">
    <comment>Sample test run arguments</comment>
    <entry key="iut">file:///Users/gobehobona/Documents/GitHub/ets-indoorgml10/src/test/resources/FJK-Haus_IndoorGML_withEXR-corrected_1_0_3.gml</entry>
    <entry key="ics">class-A,class-B</entry>
</properties>
